\BOOKMARK [1][-]{section.1}{Planteamiento y justificaci\363n del problema}{}% 1
\BOOKMARK [2][-]{subsection.1.1}{Planteamiento del problema}{section.1}% 2
\BOOKMARK [2][-]{subsection.1.2}{Justificaci\363n del proyecto}{section.1}% 3
\BOOKMARK [1][-]{section.2}{Objetivos del proyecto}{}% 4
\BOOKMARK [2][-]{subsection.2.1}{Objetivo General}{section.2}% 5
\BOOKMARK [2][-]{subsection.2.2}{Objetivos espec\355ficos}{section.2}% 6
\BOOKMARK [1][-]{section.3}{Alcance del proyecto}{}% 7
\BOOKMARK [1][-]{section.4}{Marco te\363rico y antecedentes}{}% 8
\BOOKMARK [2][-]{subsection.4.1}{Bases te\363ricas}{section.4}% 9
\BOOKMARK [2][-]{subsection.4.2}{Antecedentes}{section.4}% 10
\BOOKMARK [1][-]{section.5}{Gesti\363n y Mitigaci\363n de Riesgos \311ticos}{}% 11
\BOOKMARK [1][-]{section.6}{Metodolog\355a del proyecto}{}% 12
\BOOKMARK [2][-]{subsection.6.1}{Dise\361o metodol\363gico}{section.6}% 13
\BOOKMARK [2][-]{subsection.6.2}{Fases de ejecuci\363n}{section.6}% 14
\BOOKMARK [2][-]{subsection.6.3}{T\351cnicas e instrumentos de recolecci\363n y an\341lisis}{section.6}% 15
\BOOKMARK [2][-]{subsection.6.4}{Mecanismo de evaluaci\363n y demostraci\363n}{section.6}% 16
\BOOKMARK [2][-]{subsection.6.5}{Resultados esperados}{section.6}% 17
\BOOKMARK [2][-]{subsection.6.6}{Criterios de cierre}{section.6}% 18
\BOOKMARK [2][-]{subsection.6.7}{Criterios de \351xito}{section.6}% 19
\BOOKMARK [1][-]{section.7}{Cronograma}{}% 20
